Stack trace:
#0 /Applications/MAMP/htdocs/yii-1.1.14.f0fee9/framework/web/CBaseController.php(172): PageController->createWidget()
#1 /Applications/MAMP/htdocs/protected/views/page/_intermodal.php(244): PageController->widget()
#2 /Applications/MAMP/htdocs/yii-1.1.14.f0fee9/framework/web/CBaseController.php(126): require()
#3 /Applications/MAMP/htdocs/yii-1.1.14.f0fee9/framework/web/CBaseController.php(95): PageController->renderInternal()
#4 /Applications/MAMP/htdocs/yii-1.1.14.f0fee9/framework/web/CController.php(869): PageController->renderFile()
#5 /Applications/MAMP/htdocs/protected/views/page/_form.php(131): PageController->renderPartial()
#6 /Applications/MAMP/htdocs/yii-1.1.14.f0fee9/framework/web/CBaseController.php(126): require()
#7 /Applications/MAMP/htdocs/yii-1.1.14.f0fee9/framework/web/CBaseController.php(95): PageController->renderInternal()
#8 /Applications/MAMP/htdocs/yii-1.1.14.f0fee9/framework/web/CController.php(869): PageController->renderFile()
#9 /Applications/MAMP/htdocs/yii-1.1.14.f0fee9/framework/web/CController.php(782): PageController->renderPartial()
#10 /Applications/MAMP/htdocs/protected/controllers/PageController.php(353): PageController->render()
#11 /Applications/MAMP/htdocs/yii-1.1.14.f0fee9/framework/web/actions/CInlineAction.php(49): PageController->actionUpdate()
#12 /Applications/MAMP/htdocs/yii-1.1.14.f0fee9/framework/web/CController.php(308): CInlineAction->runWithParams()
#13 /Applications/MAMP/htdocs/yii-1.1.14.f0fee9/framework/web/filters/CFilterChain.php(133): PageController->runAction()
#14 /Applications/MAMP/htdocs/yii-1.1.14.f0fee9/framework/web/filters/CFilter.php(40): CFilterChain->run()
#15 /Applications/MAMP/htdocs/yii-1.1.14.f0fee9/framework/web/CController.php(1145): CAccessControlFilter->filter()
#16 /Applications/MAMP/htdocs/yii-1.1.14.f0fee9/framework/web/filters/CInlineFilter.php(58): PageController->filterAccessControl()
#17 /Applications/MAMP/htdocs/yii-1.1.14.f0fee9/framework/web/filters/CFilterChain.php(130): CInlineFilter->filter()
#18 /Applications/MAMP/htdocs/yii-1.1.14.f0fee9/framework/web/CController.php(291): CFilterChain->run()
#19 /Applications/MAMP/htdocs/yii-1.1.14.f0fee9/framework/web/CController.php(265): PageController->runActionWithFilters()
#20 /Applications/MAMP/htdocs/yii-1.1.14.f0fee9/framework/web/CWebApplication.php(282): PageController->run()
#21 /Applications/MAMP/htdocs/yii-1.1.14.f0fee9/framework/web/CWebApplication.php(141): CWebApplication->runController()
#22 /Applications/MAMP/htdocs/yii-1.1.14.f0fee9/framework/base/CApplication.php(180): CWebApplication->processRequest()
#23 /Applications/MAMP/htdocs/index.php(18): CWebApplication->run()
REQUEST_URI=/page/update?id=1153
