[09-Feb-2016 14:37:24 America/Tegucigalpa] PHP Fatal error:  Maximum execution time of 300 seconds exceeded in D:\Sites\swift_lp\yii-1.1.14.f0fee9\framework\db\CDbCommand.php on line 508
[09-Feb-2016 14:40:44 America/Tegucigalpa] PHP Fatal error:  Maximum execution time of 300 seconds exceeded in D:\Sites\swift_lp\yii-1.1.14.f0fee9\framework\db\CDbCommand.php on line 508
[09-Feb-2016 14:40:44 America/Tegucigalpa] PHP Fatal error:  Maximum execution time of 300 seconds exceeded in D:\Sites\swift_lp\yii-1.1.14.f0fee9\framework\base\CApplication.php on line 193
[09-Feb-2016 14:40:59 America/Tegucigalpa] PHP Fatal error:  Maximum execution time of 300 seconds exceeded in D:\Sites\swift_lp\yii-1.1.14.f0fee9\framework\db\CDbCommand.php on line 508
[09-Feb-2016 14:40:59 America/Tegucigalpa] PHP Fatal error:  Maximum execution time of 300 seconds exceeded in D:\Sites\swift_lp\yii-1.1.14.f0fee9\framework\base\CApplication.php on line 193
[09-Feb-2016 14:41:45 America/Tegucigalpa] PHP Fatal error:  Maximum execution time of 300 seconds exceeded in D:\Sites\swift_lp\yii-1.1.14.f0fee9\framework\db\CDbCommand.php on line 508
[09-Feb-2016 14:44:54 America/Tegucigalpa] PHP Fatal error:  Maximum execution time of 300 seconds exceeded in D:\Sites\swift_lp\yii-1.1.14.f0fee9\framework\db\CDbCommand.php on line 508
[09-Feb-2016 14:51:25 America/Tegucigalpa] PHP Fatal error:  Maximum execution time of 300 seconds exceeded in D:\Sites\swift_lp\yii-1.1.14.f0fee9\framework\db\CDbCommand.php on line 508
[09-Feb-2016 14:52:53 America/Tegucigalpa] PHP Fatal error:  Maximum execution time of 300 seconds exceeded in D:\Sites\swift_lp\yii-1.1.14.f0fee9\framework\db\CDbCommand.php on line 508
[09-Feb-2016 14:58:31 America/Tegucigalpa] PHP Fatal error:  Maximum execution time of 300 seconds exceeded in D:\Sites\swift_lp\yii-1.1.14.f0fee9\framework\db\CDbCommand.php on line 508
[09-Feb-2016 14:58:31 America/Tegucigalpa] PHP Fatal error:  Maximum execution time of 300 seconds exceeded in D:\Sites\swift_lp\yii-1.1.14.f0fee9\framework\base\CApplication.php on line 193
[09-Feb-2016 14:59:04 America/Tegucigalpa] PHP Fatal error:  Maximum execution time of 300 seconds exceeded in D:\Sites\swift_lp\yii-1.1.14.f0fee9\framework\db\CDbCommand.php on line 508
[09-Feb-2016 14:59:53 America/Tegucigalpa] PHP Fatal error:  Maximum execution time of 300 seconds exceeded in D:\Sites\swift_lp\yii-1.1.14.f0fee9\framework\db\CDbCommand.php on line 508
[09-Feb-2016 14:59:53 America/Tegucigalpa] PHP Fatal error:  Maximum execution time of 300 seconds exceeded in D:\Sites\swift_lp\yii-1.1.14.f0fee9\framework\base\CApplication.php on line 193
[09-Feb-2016 15:00:08 America/Tegucigalpa] PHP Fatal error:  Maximum execution time of 300 seconds exceeded in D:\Sites\swift_lp\yii-1.1.14.f0fee9\framework\db\CDbCommand.php on line 508
[09-Feb-2016 15:00:08 America/Tegucigalpa] PHP Fatal error:  Maximum execution time of 300 seconds exceeded in D:\Sites\swift_lp\yii-1.1.14.f0fee9\framework\db\CDbCommand.php on line 508
[09-Feb-2016 15:00:08 America/Tegucigalpa] PHP Fatal error:  Maximum execution time of 300 seconds exceeded in D:\Sites\swift_lp\yii-1.1.14.f0fee9\framework\db\CDbCommand.php on line 508
[09-Feb-2016 15:00:08 America/Tegucigalpa] PHP Fatal error:  Maximum execution time of 300 seconds exceeded in D:\Sites\swift_lp\yii-1.1.14.f0fee9\framework\db\CDbCommand.php on line 508
[09-Feb-2016 15:00:08 America/Tegucigalpa] PHP Fatal error:  Maximum execution time of 300 seconds exceeded in D:\Sites\swift_lp\yii-1.1.14.f0fee9\framework\base\CApplication.php on line 193
[09-Feb-2016 15:00:20 America/Tegucigalpa] PHP Fatal error:  Maximum execution time of 300 seconds exceeded in D:\Sites\swift_lp\yii-1.1.14.f0fee9\framework\db\CDbCommand.php on line 508
[09-Feb-2016 15:00:20 America/Tegucigalpa] PHP Fatal error:  Maximum execution time of 300 seconds exceeded in D:\Sites\swift_lp\yii-1.1.14.f0fee9\framework\db\CDbCommand.php on line 508
[09-Feb-2016 15:00:20 America/Tegucigalpa] PHP Fatal error:  Maximum execution time of 300 seconds exceeded in D:\Sites\swift_lp\yii-1.1.14.f0fee9\framework\base\CApplication.php on line 193
[09-Feb-2016 15:00:20 America/Tegucigalpa] PHP Fatal error:  Maximum execution time of 300 seconds exceeded in D:\Sites\swift_lp\yii-1.1.14.f0fee9\framework\db\CDbCommand.php on line 508
[09-Feb-2016 15:00:20 America/Tegucigalpa] PHP Fatal error:  Maximum execution time of 300 seconds exceeded in D:\Sites\swift_lp\yii-1.1.14.f0fee9\framework\base\CApplication.php on line 193
[09-Feb-2016 15:00:20 America/Tegucigalpa] PHP Fatal error:  Maximum execution time of 300 seconds exceeded in D:\Sites\swift_lp\yii-1.1.14.f0fee9\framework\db\CDbCommand.php on line 508
[09-Feb-2016 15:00:20 America/Tegucigalpa] PHP Fatal error:  Maximum execution time of 300 seconds exceeded in D:\Sites\swift_lp\yii-1.1.14.f0fee9\framework\db\CDbCommand.php on line 508
[09-Feb-2016 15:00:20 America/Tegucigalpa] PHP Fatal error:  Maximum execution time of 300 seconds exceeded in D:\Sites\swift_lp\yii-1.1.14.f0fee9\framework\base\CApplication.php on line 193
[09-Feb-2016 15:00:48 America/Tegucigalpa] PHP Fatal error:  Maximum execution time of 300 seconds exceeded in D:\Sites\swift_lp\yii-1.1.14.f0fee9\framework\db\CDbCommand.php on line 508
[09-Feb-2016 15:00:48 America/Tegucigalpa] PHP Fatal error:  Maximum execution time of 300 seconds exceeded in D:\Sites\swift_lp\yii-1.1.14.f0fee9\framework\db\CDbCommand.php on line 508
[09-Feb-2016 15:00:48 America/Tegucigalpa] PHP Fatal error:  Maximum execution time of 300 seconds exceeded in D:\Sites\swift_lp\yii-1.1.14.f0fee9\framework\base\CApplication.php on line 193
[09-Feb-2016 15:01:02 America/Tegucigalpa] PHP Fatal error:  Maximum execution time of 300 seconds exceeded in D:\Sites\swift_lp\yii-1.1.14.f0fee9\framework\db\CDbCommand.php on line 508
[09-Feb-2016 15:01:02 America/Tegucigalpa] PHP Fatal error:  Maximum execution time of 300 seconds exceeded in D:\Sites\swift_lp\yii-1.1.14.f0fee9\framework\base\CApplication.php on line 193
[09-Feb-2016 15:01:13 America/Tegucigalpa] PHP Fatal error:  Maximum execution time of 300 seconds exceeded in D:\Sites\swift_lp\yii-1.1.14.f0fee9\framework\db\CDbCommand.php on line 508
[09-Feb-2016 15:01:13 America/Tegucigalpa] PHP Fatal error:  Maximum execution time of 300 seconds exceeded in D:\Sites\swift_lp\yii-1.1.14.f0fee9\framework\db\CDbCommand.php on line 508
[09-Feb-2016 15:01:13 America/Tegucigalpa] PHP Fatal error:  Maximum execution time of 300 seconds exceeded in D:\Sites\swift_lp\yii-1.1.14.f0fee9\framework\base\CApplication.php on line 193
[09-Feb-2016 15:01:15 America/Tegucigalpa] PHP Fatal error:  Maximum execution time of 300 seconds exceeded in D:\Sites\swift_lp\yii-1.1.14.f0fee9\framework\db\CDbCommand.php on line 508
[09-Feb-2016 15:01:15 America/Tegucigalpa] PHP Fatal error:  Maximum execution time of 300 seconds exceeded in D:\Sites\swift_lp\yii-1.1.14.f0fee9\framework\base\CApplication.php on line 193
[09-Feb-2016 15:01:27 America/Tegucigalpa] PHP Fatal error:  Maximum execution time of 300 seconds exceeded in D:\Sites\swift_lp\yii-1.1.14.f0fee9\framework\db\CDbCommand.php on line 508
[09-Feb-2016 15:01:35 America/Tegucigalpa] PHP Fatal error:  Maximum execution time of 300 seconds exceeded in D:\Sites\swift_lp\yii-1.1.14.f0fee9\framework\db\CDbCommand.php on line 508
[09-Feb-2016 15:01:35 America/Tegucigalpa] PHP Fatal error:  Maximum execution time of 300 seconds exceeded in D:\Sites\swift_lp\yii-1.1.14.f0fee9\framework\base\CApplication.php on line 193
[09-Feb-2016 15:01:39 America/Tegucigalpa] PHP Fatal error:  Maximum execution time of 300 seconds exceeded in D:\Sites\swift_lp\yii-1.1.14.f0fee9\framework\db\CDbCommand.php on line 508
[09-Feb-2016 15:01:39 America/Tegucigalpa] PHP Fatal error:  Maximum execution time of 300 seconds exceeded in D:\Sites\swift_lp\yii-1.1.14.f0fee9\framework\base\CApplication.php on line 193
[09-Feb-2016 15:01:41 America/Tegucigalpa] PHP Fatal error:  Maximum execution time of 300 seconds exceeded in D:\Sites\swift_lp\yii-1.1.14.f0fee9\framework\db\CDbCommand.php on line 508
[09-Feb-2016 15:01:41 America/Tegucigalpa] PHP Fatal error:  Maximum execution time of 300 seconds exceeded in D:\Sites\swift_lp\yii-1.1.14.f0fee9\framework\base\CApplication.php on line 193
[09-Feb-2016 15:02:24 America/Tegucigalpa] PHP Fatal error:  Maximum execution time of 300 seconds exceeded in D:\Sites\swift_lp\yii-1.1.14.f0fee9\framework\db\CDbCommand.php on line 508
[09-Feb-2016 15:02:24 America/Tegucigalpa] PHP Fatal error:  Maximum execution time of 300 seconds exceeded in D:\Sites\swift_lp\yii-1.1.14.f0fee9\framework\db\CDbCommand.php on line 508
[09-Feb-2016 15:02:24 America/Tegucigalpa] PHP Fatal error:  Maximum execution time of 300 seconds exceeded in D:\Sites\swift_lp\yii-1.1.14.f0fee9\framework\base\CApplication.php on line 193
[09-Feb-2016 15:02:37 America/Tegucigalpa] PHP Fatal error:  Maximum execution time of 300 seconds exceeded in D:\Sites\swift_lp\yii-1.1.14.f0fee9\framework\db\CDbCommand.php on line 508
[09-Feb-2016 15:02:37 America/Tegucigalpa] PHP Fatal error:  Maximum execution time of 300 seconds exceeded in D:\Sites\swift_lp\yii-1.1.14.f0fee9\framework\db\CDbCommand.php on line 508
[09-Feb-2016 15:03:10 America/Tegucigalpa] PHP Fatal error:  Maximum execution time of 300 seconds exceeded in D:\Sites\swift_lp\yii-1.1.14.f0fee9\framework\db\CDbCommand.php on line 508
[09-Feb-2016 15:03:16 America/Tegucigalpa] PHP Fatal error:  Maximum execution time of 300 seconds exceeded in D:\Sites\swift_lp\yii-1.1.14.f0fee9\framework\db\CDbCommand.php on line 508
[09-Feb-2016 15:03:26 America/Tegucigalpa] PHP Fatal error:  Maximum execution time of 300 seconds exceeded in D:\Sites\swift_lp\yii-1.1.14.f0fee9\framework\db\CDbCommand.php on line 508
[09-Feb-2016 15:03:26 America/Tegucigalpa] PHP Fatal error:  Maximum execution time of 300 seconds exceeded in D:\Sites\swift_lp\yii-1.1.14.f0fee9\framework\db\CDbCommand.php on line 508
[09-Feb-2016 15:04:23 America/Tegucigalpa] PHP Fatal error:  Maximum execution time of 300 seconds exceeded in D:\Sites\swift_lp\yii-1.1.14.f0fee9\framework\db\CDbCommand.php on line 508
[09-Feb-2016 15:09:05 America/Tegucigalpa] PHP Fatal error:  Maximum execution time of 300 seconds exceeded in D:\Sites\swift_lp\yii-1.1.14.f0fee9\framework\db\CDbCommand.php on line 508
[09-Feb-2016 15:09:05 America/Tegucigalpa] PHP Fatal error:  Maximum execution time of 300 seconds exceeded in D:\Sites\swift_lp\yii-1.1.14.f0fee9\framework\base\CApplication.php on line 193
[09-Feb-2016 15:10:59 America/Tegucigalpa] PHP Fatal error:  Maximum execution time of 300 seconds exceeded in D:\Sites\swift_lp\yii-1.1.14.f0fee9\framework\db\CDbCommand.php on line 508
[09-Mar-2016 05:25:58 America/Tegucigalpa] PHP Fatal error:  Maximum execution time of 300 seconds exceeded in D:\Sites\swift_lp\protected\controllers\LandingpagesController.php on line 550
[09-Mar-2016 06:03:05 America/Tegucigalpa] PHP Fatal error:  Maximum execution time of 300 seconds exceeded in D:\Sites\swift_lp\protected\controllers\LandingpagesController.php on line 550
[09-Mar-2016 08:37:24 America/Tegucigalpa] PHP Fatal error:  Maximum execution time of 300 seconds exceeded in D:\Sites\swift_lp\protected\controllers\LandingpagesController.php on line 550
[09-Mar-2016 09:06:07 America/Tegucigalpa] PHP Fatal error:  Maximum execution time of 300 seconds exceeded in D:\Sites\swift_lp\protected\controllers\LandingpagesController.php on line 550
[09-Mar-2016 09:32:19 America/Tegucigalpa] PHP Fatal error:  Maximum execution time of 300 seconds exceeded in D:\Sites\swift_lp\protected\controllers\LandingpagesController.php on line 550
[09-Mar-2016 09:32:19 America/Tegucigalpa] PHP Fatal error:  Maximum execution time of 300 seconds exceeded in D:\Sites\swift_lp\yii-1.1.14.f0fee9\framework\base\CApplication.php on line 193
[11-Mar-2016 10:59:52 America/Tegucigalpa] PHP Fatal error:  Maximum execution time of 300 seconds exceeded in D:\Sites\swift_lp\yii-1.1.14.f0fee9\framework\db\CDbCommand.php on line 508
[11-Mar-2016 11:00:03 America/Tegucigalpa] PHP Fatal error:  Maximum execution time of 300 seconds exceeded in D:\Sites\swift_lp\yii-1.1.14.f0fee9\framework\db\CDbCommand.php on line 508
[11-Mar-2016 11:00:03 America/Tegucigalpa] PHP Fatal error:  Maximum execution time of 300 seconds exceeded in D:\Sites\swift_lp\yii-1.1.14.f0fee9\framework\db\CDbCommand.php on line 508
[11-Mar-2016 11:00:09 America/Tegucigalpa] PHP Fatal error:  Maximum execution time of 300 seconds exceeded in D:\Sites\swift_lp\yii-1.1.14.f0fee9\framework\db\CDbCommand.php on line 508
[11-Mar-2016 11:00:11 America/Tegucigalpa] PHP Fatal error:  Maximum execution time of 300 seconds exceeded in D:\Sites\swift_lp\yii-1.1.14.f0fee9\framework\db\CDbCommand.php on line 508
[11-Mar-2016 11:00:17 America/Tegucigalpa] PHP Fatal error:  Maximum execution time of 300 seconds exceeded in D:\Sites\swift_lp\yii-1.1.14.f0fee9\framework\db\CDbCommand.php on line 508
[11-Mar-2016 11:00:19 America/Tegucigalpa] PHP Fatal error:  Maximum execution time of 300 seconds exceeded in D:\Sites\swift_lp\yii-1.1.14.f0fee9\framework\db\CDbCommand.php on line 508
[11-Mar-2016 11:00:21 America/Tegucigalpa] PHP Fatal error:  Maximum execution time of 300 seconds exceeded in D:\Sites\swift_lp\yii-1.1.14.f0fee9\framework\db\CDbCommand.php on line 508
[11-Mar-2016 11:00:21 America/Tegucigalpa] PHP Fatal error:  Maximum execution time of 300 seconds exceeded in D:\Sites\swift_lp\yii-1.1.14.f0fee9\framework\db\CDbCommand.php on line 508
[11-Mar-2016 11:00:28 America/Tegucigalpa] PHP Fatal error:  Maximum execution time of 300 seconds exceeded in D:\Sites\swift_lp\yii-1.1.14.f0fee9\framework\db\CDbCommand.php on line 508
[11-Mar-2016 11:00:28 America/Tegucigalpa] PHP Fatal error:  Maximum execution time of 300 seconds exceeded in D:\Sites\swift_lp\yii-1.1.14.f0fee9\framework\base\CApplication.php on line 193
[11-Mar-2016 11:00:42 America/Tegucigalpa] PHP Fatal error:  Maximum execution time of 300 seconds exceeded in D:\Sites\swift_lp\yii-1.1.14.f0fee9\framework\db\CDbCommand.php on line 508
[11-Mar-2016 11:00:50 America/Tegucigalpa] PHP Fatal error:  Maximum execution time of 300 seconds exceeded in D:\Sites\swift_lp\yii-1.1.14.f0fee9\framework\db\CDbCommand.php on line 508
[11-Mar-2016 11:00:50 America/Tegucigalpa] PHP Fatal error:  Maximum execution time of 300 seconds exceeded in D:\Sites\swift_lp\yii-1.1.14.f0fee9\framework\db\CDbCommand.php on line 508
[11-Mar-2016 11:00:50 America/Tegucigalpa] PHP Fatal error:  Maximum execution time of 300 seconds exceeded in D:\Sites\swift_lp\yii-1.1.14.f0fee9\framework\base\CApplication.php on line 193
[11-Mar-2016 11:00:54 America/Tegucigalpa] PHP Fatal error:  Maximum execution time of 300 seconds exceeded in D:\Sites\swift_lp\yii-1.1.14.f0fee9\framework\db\CDbCommand.php on line 508
[11-Mar-2016 11:00:57 America/Tegucigalpa] PHP Fatal error:  Maximum execution time of 300 seconds exceeded in D:\Sites\swift_lp\yii-1.1.14.f0fee9\framework\db\CDbCommand.php on line 508
[11-Mar-2016 11:00:57 America/Tegucigalpa] PHP Fatal error:  Maximum execution time of 300 seconds exceeded in D:\Sites\swift_lp\yii-1.1.14.f0fee9\framework\base\CApplication.php on line 193
[11-Mar-2016 11:01:03 America/Tegucigalpa] PHP Fatal error:  Maximum execution time of 300 seconds exceeded in D:\Sites\swift_lp\yii-1.1.14.f0fee9\framework\db\CDbCommand.php on line 508
[11-Mar-2016 11:01:07 America/Tegucigalpa] PHP Fatal error:  Maximum execution time of 300 seconds exceeded in D:\Sites\swift_lp\yii-1.1.14.f0fee9\framework\db\CDbCommand.php on line 508
[11-Mar-2016 11:01:23 America/Tegucigalpa] PHP Fatal error:  Maximum execution time of 300 seconds exceeded in D:\Sites\swift_lp\yii-1.1.14.f0fee9\framework\db\CDbCommand.php on line 508
[11-Mar-2016 11:01:28 America/Tegucigalpa] PHP Fatal error:  Maximum execution time of 300 seconds exceeded in D:\Sites\swift_lp\yii-1.1.14.f0fee9\framework\db\CDbCommand.php on line 508
[11-Mar-2016 11:01:28 America/Tegucigalpa] PHP Fatal error:  Maximum execution time of 300 seconds exceeded in D:\Sites\swift_lp\yii-1.1.14.f0fee9\framework\base\CApplication.php on line 193
[11-Mar-2016 11:01:36 America/Tegucigalpa] PHP Fatal error:  Maximum execution time of 300 seconds exceeded in D:\Sites\swift_lp\yii-1.1.14.f0fee9\framework\db\CDbCommand.php on line 508
[11-Mar-2016 11:01:36 America/Tegucigalpa] PHP Fatal error:  Maximum execution time of 300 seconds exceeded in D:\Sites\swift_lp\yii-1.1.14.f0fee9\framework\base\CApplication.php on line 193
[11-Mar-2016 11:01:46 America/Tegucigalpa] PHP Fatal error:  Maximum execution time of 300 seconds exceeded in D:\Sites\swift_lp\yii-1.1.14.f0fee9\framework\db\CDbCommand.php on line 508
[11-Mar-2016 11:01:54 America/Tegucigalpa] PHP Fatal error:  Maximum execution time of 300 seconds exceeded in D:\Sites\swift_lp\yii-1.1.14.f0fee9\framework\db\CDbCommand.php on line 508
[11-Mar-2016 11:01:54 America/Tegucigalpa] PHP Fatal error:  Maximum execution time of 300 seconds exceeded in D:\Sites\swift_lp\yii-1.1.14.f0fee9\framework\db\CDbCommand.php on line 508
[11-Mar-2016 11:01:56 America/Tegucigalpa] PHP Fatal error:  Maximum execution time of 300 seconds exceeded in D:\Sites\swift_lp\yii-1.1.14.f0fee9\framework\db\CDbCommand.php on line 508
[11-Mar-2016 11:02:00 America/Tegucigalpa] PHP Fatal error:  Maximum execution time of 300 seconds exceeded in D:\Sites\swift_lp\yii-1.1.14.f0fee9\framework\db\CDbCommand.php on line 508
[11-Mar-2016 11:02:17 America/Tegucigalpa] PHP Fatal error:  Maximum execution time of 300 seconds exceeded in D:\Sites\swift_lp\yii-1.1.14.f0fee9\framework\db\CDbCommand.php on line 508
[11-Mar-2016 11:02:19 America/Tegucigalpa] PHP Fatal error:  Maximum execution time of 300 seconds exceeded in D:\Sites\swift_lp\yii-1.1.14.f0fee9\framework\db\CDbCommand.php on line 508
[11-Mar-2016 11:02:19 America/Tegucigalpa] PHP Fatal error:  Maximum execution time of 300 seconds exceeded in D:\Sites\swift_lp\yii-1.1.14.f0fee9\framework\base\CApplication.php on line 193
[11-Mar-2016 11:02:27 America/Tegucigalpa] PHP Fatal error:  Maximum execution time of 300 seconds exceeded in D:\Sites\swift_lp\yii-1.1.14.f0fee9\framework\db\CDbCommand.php on line 508
[11-Mar-2016 11:02:32 America/Tegucigalpa] PHP Fatal error:  Maximum execution time of 300 seconds exceeded in D:\Sites\swift_lp\yii-1.1.14.f0fee9\framework\db\CDbCommand.php on line 508
[11-Mar-2016 11:02:48 America/Tegucigalpa] PHP Fatal error:  Maximum execution time of 300 seconds exceeded in D:\Sites\swift_lp\yii-1.1.14.f0fee9\framework\db\CDbCommand.php on line 508
[11-Mar-2016 11:02:48 America/Tegucigalpa] PHP Fatal error:  Maximum execution time of 300 seconds exceeded in D:\Sites\swift_lp\yii-1.1.14.f0fee9\framework\base\CApplication.php on line 193
[11-Mar-2016 11:02:57 America/Tegucigalpa] PHP Fatal error:  Maximum execution time of 300 seconds exceeded in D:\Sites\swift_lp\yii-1.1.14.f0fee9\framework\db\CDbCommand.php on line 508
[11-Mar-2016 11:02:57 America/Tegucigalpa] PHP Fatal error:  Maximum execution time of 300 seconds exceeded in D:\Sites\swift_lp\yii-1.1.14.f0fee9\framework\db\CDbCommand.php on line 508
[11-Mar-2016 11:02:57 America/Tegucigalpa] PHP Fatal error:  Maximum execution time of 300 seconds exceeded in D:\Sites\swift_lp\yii-1.1.14.f0fee9\framework\db\CDbCommand.php on line 508
[11-Mar-2016 11:03:07 America/Tegucigalpa] PHP Fatal error:  Maximum execution time of 300 seconds exceeded in D:\Sites\swift_lp\yii-1.1.14.f0fee9\framework\db\CDbCommand.php on line 508
[11-Mar-2016 11:03:07 America/Tegucigalpa] PHP Fatal error:  Maximum execution time of 300 seconds exceeded in D:\Sites\swift_lp\yii-1.1.14.f0fee9\framework\db\CDbCommand.php on line 508
[11-Mar-2016 11:03:07 America/Tegucigalpa] PHP Fatal error:  Maximum execution time of 300 seconds exceeded in D:\Sites\swift_lp\yii-1.1.14.f0fee9\framework\base\CApplication.php on line 193
[11-Mar-2016 11:03:11 America/Tegucigalpa] PHP Fatal error:  Maximum execution time of 300 seconds exceeded in D:\Sites\swift_lp\yii-1.1.14.f0fee9\framework\db\CDbCommand.php on line 508
[11-Mar-2016 11:03:11 America/Tegucigalpa] PHP Fatal error:  Maximum execution time of 300 seconds exceeded in D:\Sites\swift_lp\yii-1.1.14.f0fee9\framework\base\CApplication.php on line 193
[11-Mar-2016 11:03:13 America/Tegucigalpa] PHP Fatal error:  Maximum execution time of 300 seconds exceeded in D:\Sites\swift_lp\yii-1.1.14.f0fee9\framework\db\CDbCommand.php on line 508
[11-Mar-2016 11:03:13 America/Tegucigalpa] PHP Fatal error:  Maximum execution time of 300 seconds exceeded in D:\Sites\swift_lp\yii-1.1.14.f0fee9\framework\base\CApplication.php on line 193
[11-Mar-2016 11:03:20 America/Tegucigalpa] PHP Fatal error:  Maximum execution time of 300 seconds exceeded in D:\Sites\swift_lp\yii-1.1.14.f0fee9\framework\db\CDbCommand.php on line 508
[11-Mar-2016 11:03:22 America/Tegucigalpa] PHP Fatal error:  Maximum execution time of 300 seconds exceeded in D:\Sites\swift_lp\yii-1.1.14.f0fee9\framework\db\CDbCommand.php on line 508
[11-Mar-2016 11:03:22 America/Tegucigalpa] PHP Fatal error:  Maximum execution time of 300 seconds exceeded in D:\Sites\swift_lp\yii-1.1.14.f0fee9\framework\base\CApplication.php on line 193
[11-Mar-2016 11:03:24 America/Tegucigalpa] PHP Fatal error:  Maximum execution time of 300 seconds exceeded in D:\Sites\swift_lp\yii-1.1.14.f0fee9\framework\db\CDbCommand.php on line 508
[11-Mar-2016 11:03:24 America/Tegucigalpa] PHP Fatal error:  Maximum execution time of 300 seconds exceeded in D:\Sites\swift_lp\yii-1.1.14.f0fee9\framework\base\CApplication.php on line 193
[11-Mar-2016 11:03:57 America/Tegucigalpa] PHP Fatal error:  Maximum execution time of 300 seconds exceeded in D:\Sites\swift_lp\yii-1.1.14.f0fee9\framework\db\CDbCommand.php on line 508
[11-Mar-2016 11:03:57 America/Tegucigalpa] PHP Fatal error:  Maximum execution time of 300 seconds exceeded in D:\Sites\swift_lp\yii-1.1.14.f0fee9\framework\base\CApplication.php on line 193
[11-Mar-2016 11:04:10 America/Tegucigalpa] PHP Fatal error:  Maximum execution time of 300 seconds exceeded in D:\Sites\swift_lp\yii-1.1.14.f0fee9\framework\db\CDbCommand.php on line 508
[11-Mar-2016 11:04:12 America/Tegucigalpa] PHP Fatal error:  Maximum execution time of 300 seconds exceeded in D:\Sites\swift_lp\yii-1.1.14.f0fee9\framework\db\CDbCommand.php on line 508
[11-Mar-2016 11:04:12 America/Tegucigalpa] PHP Fatal error:  Maximum execution time of 300 seconds exceeded in D:\Sites\swift_lp\yii-1.1.14.f0fee9\framework\db\CDbCommand.php on line 508
[11-Mar-2016 11:04:20 America/Tegucigalpa] PHP Fatal error:  Maximum execution time of 300 seconds exceeded in D:\Sites\swift_lp\yii-1.1.14.f0fee9\framework\db\CDbCommand.php on line 508
[11-Mar-2016 11:04:22 America/Tegucigalpa] PHP Fatal error:  Maximum execution time of 300 seconds exceeded in D:\Sites\swift_lp\yii-1.1.14.f0fee9\framework\db\CDbCommand.php on line 508
[11-Mar-2016 11:04:33 America/Tegucigalpa] PHP Fatal error:  Maximum execution time of 300 seconds exceeded in D:\Sites\swift_lp\yii-1.1.14.f0fee9\framework\db\CDbCommand.php on line 508
[11-Mar-2016 11:04:43 America/Tegucigalpa] PHP Fatal error:  Maximum execution time of 300 seconds exceeded in D:\Sites\swift_lp\yii-1.1.14.f0fee9\framework\db\CDbCommand.php on line 508
[11-Mar-2016 11:04:46 America/Tegucigalpa] PHP Fatal error:  Maximum execution time of 300 seconds exceeded in D:\Sites\swift_lp\yii-1.1.14.f0fee9\framework\db\CDbCommand.php on line 508
[11-Mar-2016 11:04:58 America/Tegucigalpa] PHP Fatal error:  Maximum execution time of 300 seconds exceeded in D:\Sites\swift_lp\yii-1.1.14.f0fee9\framework\db\CDbCommand.php on line 508
[11-Mar-2016 11:05:02 America/Tegucigalpa] PHP Fatal error:  Maximum execution time of 300 seconds exceeded in D:\Sites\swift_lp\yii-1.1.14.f0fee9\framework\db\CDbCommand.php on line 508
[11-Mar-2016 11:05:06 America/Tegucigalpa] PHP Fatal error:  Maximum execution time of 300 seconds exceeded in D:\Sites\swift_lp\yii-1.1.14.f0fee9\framework\db\CDbCommand.php on line 508
[11-Mar-2016 11:05:09 America/Tegucigalpa] PHP Fatal error:  Maximum execution time of 300 seconds exceeded in D:\Sites\swift_lp\yii-1.1.14.f0fee9\framework\db\CDbCommand.php on line 508
[11-Mar-2016 11:05:09 America/Tegucigalpa] PHP Fatal error:  Maximum execution time of 300 seconds exceeded in D:\Sites\swift_lp\yii-1.1.14.f0fee9\framework\base\CApplication.php on line 193
[11-Mar-2016 11:05:11 America/Tegucigalpa] PHP Fatal error:  Maximum execution time of 300 seconds exceeded in D:\Sites\swift_lp\yii-1.1.14.f0fee9\framework\db\CDbCommand.php on line 508
